<?xml version="1.0" encoding="utf-8"?><testsuites><testsuite name="pytest" errors="0" failures="0" skipped="0" tests="74" time="1.433" timestamp="2026-06-14T20:29:44.206652" hostname="Gauravs-MacBook-Air.local"><testcase classname="tests.test_calculator.TestTransactionTypeAmplifiers" name="test_trade_amplifier_is_1_8" time="0.002" /><testcase classname="tests.test_calculator.TestTransactionTypeAmplifiers" name="test_transfer_amplifier_is_1_4" time="0.001" /><testcase classname="tests.test_calculator.TestTransactionTypeAmplifiers" name="test_withdrawal_amplifier_is_1_2" time="0.000" /><testcase classname="tests.test_calculator.TestTransactionTypeAmplifiers" name="test_payment_amplifier_is_1_0" time="0.000" /><testcase classname="tests.test_calculator.TestTransactionTypeAmplifiers" name="test_deposit_amplifier_is_0_8" time="0.000" /><testcase classname="tests.test_calculator.TestTransactionTypeAmplifiers" name="test_refund_amplifier_is_0_6" time="0.000" /><testcase classname="tests.test_calculator.TestTransactionTypeAmplifiers" name="test_unknown_type_defaults_to_1_0" time="0.000" /><testcase classname="tests.test_calculator.TestTransactionTypeAmplifiers" name="test_amplifier_is_case_insensitive" time="0.000" /><testcase classname="tests.test_calculator.TestTransactionTypeAmplifiers" name="test_trade_has_highest_amplifier" time="0.000" /><testcase classname="tests.test_calculator.TestTransactionTypeAmplifiers" name="test_refund_has_lowest_amplifier" time="0.001" /><testcase classname="tests.test_calculator.TestRiskScoreFormula" name="test_formula_for_trade_transaction" time="0.012" /><testcase classname="tests.test_calculator.TestRiskScoreFormula" name="test_formula_for_payment_transaction" time="0.002" /><testcase classname="tests.test_calculator.TestRiskScoreFormula" name="test_formula_for_refund_transaction" time="0.002" /><testcase classname="tests.test_calculator.TestRiskScoreFormula" name="test_normalization_produces_correct_risk_score" time="0.002" /><testcase classname="tests.test_calculator.TestRiskScoreFormula" name="test_all_transaction_types_produce_positive_score[TRADE]" time="0.001" /><testcase classname="tests.test_calculator.TestRiskScoreFormula" name="test_all_transaction_types_produce_positive_score[TRANSFER]" time="0.002" /><testcase classname="tests.test_calculator.TestRiskScoreFormula" name="test_all_transaction_types_produce_positive_score[WITHDRAWAL]" time="0.002" /><testcase classname="tests.test_calculator.TestRiskScoreFormula" name="test_all_transaction_types_produce_positive_score[PAYMENT]" time="0.002" /><testcase classname="tests.test_calculator.TestRiskScoreFormula" name="test_all_transaction_types_produce_positive_score[DEPOSIT]" time="0.002" /><testcase classname="tests.test_calculator.TestRiskScoreFormula" name="test_all_transaction_types_produce_positive_score[REFUND]" time="0.001" /><testcase classname="tests.test_calculator.TestRiskScoreFormula" name="test_trade_score_higher_than_refund_same_amount" time="0.003" /><testcase classname="tests.test_calculator.TestRiskScoreFormula" name="test_higher_amount_produces_higher_score" time="0.003" /><testcase classname="tests.test_calculator.TestRiskScoreFormula" name="test_result_contains_all_required_fields" time="0.001" /><testcase classname="tests.test_calculator.TestRiskScoreFormula" name="test_result_preserves_transaction_id" time="0.001" /><testcase classname="tests.test_calculator.TestRiskScoreFormula" name="test_result_preserves_transaction_amount" time="0.001" /><testcase classname="tests.test_calculator.TestRiskScoreFormula" name="test_computation_time_is_positive" time="0.001" /><testcase classname="tests.test_calculator.TestRiskScoreFormula" name="test_volatility_factor_is_recorded_in_result" time="0.001" /><testcase classname="tests.test_calculator.TestEdgeCases" name="test_very_small_amount" time="0.001" /><testcase classname="tests.test_calculator.TestEdgeCases" name="test_very_large_amount" time="0.001" /><testcase classname="tests.test_calculator.TestEdgeCases" name="test_large_amount_score_exceeds_100" time="0.001" /><testcase classname="tests.test_calculator.TestEdgeCases" name="test_matrix_simulation_with_large_amount" time="0.001" /><testcase classname="tests.test_calculator.TestEdgeCases" name="test_matrix_simulation_with_tiny_amount" time="0.001" /><testcase classname="tests.test_calculator.TestEdgeCases" name="test_repeated_calls_produce_consistent_relative_ordering" time="0.003" /><testcase classname="tests.test_calculator.TestVolatilityFactor" name="test_volatility_factor_is_positive" time="0.000" /><testcase classname="tests.test_calculator.TestVolatilityFactor" name="test_volatility_factor_is_near_base_value" time="0.006" /><testcase classname="tests.test_calculator.TestVolatilityFactor" name="test_volatility_factor_has_variation_across_calls" time="0.000" /><testcase classname="tests.test_calculator.TestAsyncCalculateRiskScore" name="test_async_function_returns_dict" time="0.004" /><testcase classname="tests.test_calculator.TestAsyncCalculateRiskScore" name="test_async_result_matches_sync_computation" time="0.002" /><testcase classname="tests.test_calculator.TestAsyncCalculateRiskScore" name="test_async_function_does_not_block_event_loop" time="0.002" /><testcase classname="tests.test_calculator.TestAsyncCalculateRiskScore" name="test_concurrent_calculations_are_independent" time="0.003" /><testcase classname="tests.test_engine_api.TestRiskEngineHealthEndpoint" name="test_health_returns_200" time="0.669" /><testcase classname="tests.test_engine_api.TestRiskEngineHealthEndpoint" name="test_health_response_schema" time="0.002" /><testcase classname="tests.test_engine_api.TestRiskEngineHealthEndpoint" name="test_root_endpoint_returns_service_info" time="0.002" /><testcase classname="tests.test_engine_api.TestCalculateEndpointSuccess" name="test_calculate_returns_200" time="0.005" /><testcase classname="tests.test_engine_api.TestCalculateEndpointSuccess" name="test_response_contains_all_required_fields" time="0.005" /><testcase classname="tests.test_engine_api.TestCalculateEndpointSuccess" name="test_risk_score_is_non_negative" time="0.004" /><testcase classname="tests.test_engine_api.TestCalculateEndpointSuccess" name="test_transaction_id_is_echoed_back" time="0.004" /><testcase classname="tests.test_engine_api.TestCalculateEndpointSuccess" name="test_transaction_amount_is_echoed_back" time="0.028" /><testcase classname="tests.test_engine_api.TestCalculateEndpointSuccess" name="test_transaction_type_is_echoed_back" time="0.004" /><testcase classname="tests.test_engine_api.TestCalculateEndpointSuccess" name="test_computation_time_is_positive" time="0.005" /><testcase classname="tests.test_engine_api.TestCalculateEndpointSuccess" name="test_volatility_factor_is_present_and_positive" time="0.003" /><testcase classname="tests.test_engine_api.TestCalculateEndpointSuccess" name="test_calculated_at_timestamp_is_present" time="0.003" /><testcase classname="tests.test_engine_api.TestCalculateEndpointSuccess" name="test_all_transaction_types_accepted[TRADE]" time="0.003" /><testcase classname="tests.test_engine_api.TestCalculateEndpointSuccess" name="test_all_transaction_types_accepted[TRANSFER]" time="0.003" /><testcase classname="tests.test_engine_api.TestCalculateEndpointSuccess" name="test_all_transaction_types_accepted[WITHDRAWAL]" time="0.004" /><testcase classname="tests.test_engine_api.TestCalculateEndpointSuccess" name="test_all_transaction_types_accepted[PAYMENT]" time="0.003" /><testcase classname="tests.test_engine_api.TestCalculateEndpointSuccess" name="test_all_transaction_types_accepted[DEPOSIT]" time="0.003" /><testcase classname="tests.test_engine_api.TestCalculateEndpointSuccess" name="test_all_transaction_types_accepted[REFUND]" time="0.004" /><testcase classname="tests.test_engine_api.TestCalculateEndpointSuccess" name="test_trade_produces_higher_score_than_refund" time="0.005" /><testcase classname="tests.test_engine_api.TestCalculateInputValidation" name="test_negative_amount_returns_422" time="0.003" /><testcase classname="tests.test_engine_api.TestCalculateInputValidation" name="test_zero_amount_returns_422" time="0.004" /><testcase classname="tests.test_engine_api.TestCalculateInputValidation" name="test_missing_transaction_id_returns_422" time="0.004" /><testcase classname="tests.test_engine_api.TestCalculateInputValidation" name="test_missing_amount_returns_422" time="0.009" /><testcase classname="tests.test_engine_api.TestCalculateInputValidation" name="test_missing_transaction_type_returns_422" time="0.004" /><testcase classname="tests.test_engine_api.TestCalculateInputValidation" name="test_empty_transaction_id_returns_422" time="0.005" /><testcase classname="tests.test_engine_api.TestCalculateInputValidation" name="test_string_amount_returns_422" time="0.003" /><testcase classname="tests.test_engine_api.TestCalculateInputValidation" name="test_empty_body_returns_422" time="0.004" /><testcase classname="tests.test_engine_api.TestCalculateInputValidation" name="test_422_response_has_detail_field" time="0.004" /><testcase classname="tests.test_engine_api.TestCalculateErrorHandling" name="test_calculation_exception_returns_5xx" time="0.008" /><testcase classname="tests.test_engine_api.TestCalculateErrorHandling" name="test_error_response_does_not_leak_stack_trace" time="0.003" /><testcase classname="tests.test_engine_api.TestMetricsEndpoint" name="test_metrics_endpoint_returns_200" time="0.003" /><testcase classname="tests.test_engine_api.TestMetricsEndpoint" name="test_metrics_is_prometheus_format" time="0.002" /><testcase classname="tests.test_engine_api.TestMetricsEndpoint" name="test_metrics_contain_risk_engine_metrics" time="0.006" /><testcase classname="tests.test_engine_api.TestMetricsEndpoint" name="test_calculation_increments_counter" time="0.012" /></testsuite></testsuites>