<?xml version="1.0" encoding="utf-8"?><testsuites><testsuite name="pytest" errors="0" failures="0" skipped="0" tests="65" time="1.410" timestamp="2026-06-14T20:29:08.540004" hostname="Gauravs-MacBook-Air.local"><testcase classname="tests.test_main.TestHealthEndpoint" name="test_health_returns_200" time="0.468" /><testcase classname="tests.test_main.TestHealthEndpoint" name="test_health_response_schema" time="0.003" /><testcase classname="tests.test_main.TestHealthEndpoint" name="test_health_contains_risk_engine_dependency" time="0.003" /><testcase classname="tests.test_main.TestHealthEndpoint" name="test_root_endpoint_returns_200" time="0.003" /><testcase classname="tests.test_main.TestAnalyzeEndpointSuccess" name="test_analyze_returns_200" time="0.008" /><testcase classname="tests.test_main.TestAnalyzeEndpointSuccess" name="test_analyze_response_contains_required_fields" time="0.006" /><testcase classname="tests.test_main.TestAnalyzeEndpointSuccess" name="test_analyze_risk_score_is_non_negative" time="0.005" /><testcase classname="tests.test_main.TestAnalyzeEndpointSuccess" name="test_analyze_forwards_transaction_id" time="0.006" /><testcase classname="tests.test_main.TestAnalyzeEndpointSuccess" name="test_analyze_auto_generates_transaction_id" time="0.007" /><testcase classname="tests.test_main.TestAnalyzeEndpointSuccess" name="test_analyze_currency_uppercased_in_response" time="0.006" /><testcase classname="tests.test_main.TestAnalyzeEndpointSuccess" name="test_analyze_engine_latency_is_positive" time="0.008" /><testcase classname="tests.test_main.TestAnalyzeEndpointSuccess" name="test_response_has_x_request_id_header" time="0.006" /><testcase classname="tests.test_main.TestAnalyzeEndpointSuccess" name="test_custom_request_id_echoed_in_response" time="0.007" /><testcase classname="tests.test_main.TestRiskLevelClassification" name="test_risk_level_low_below_20" time="0.005" /><testcase classname="tests.test_main.TestRiskLevelClassification" name="test_risk_level_low_boundary_at_19_99" time="0.006" /><testcase classname="tests.test_main.TestRiskLevelClassification" name="test_risk_level_medium_at_20" time="0.006" /><testcase classname="tests.test_main.TestRiskLevelClassification" name="test_risk_level_medium_at_49_99" time="0.005" /><testcase classname="tests.test_main.TestRiskLevelClassification" name="test_risk_level_high_at_50" time="0.005" /><testcase classname="tests.test_main.TestRiskLevelClassification" name="test_risk_level_high_at_79_99" time="0.006" /><testcase classname="tests.test_main.TestRiskLevelClassification" name="test_risk_level_critical_at_80" time="0.005" /><testcase classname="tests.test_main.TestRiskLevelClassification" name="test_risk_level_critical_above_100" time="0.007" /><testcase classname="tests.test_main.TestRiskLevelClassification" name="test_risk_level_zero_score_is_low" time="0.033" /><testcase classname="tests.test_main.TestInputValidation" name="test_negative_amount_returns_422" time="0.004" /><testcase classname="tests.test_main.TestInputValidation" name="test_zero_amount_returns_422" time="0.004" /><testcase classname="tests.test_main.TestInputValidation" name="test_amount_exceeding_max_returns_422" time="0.004" /><testcase classname="tests.test_main.TestInputValidation" name="test_invalid_transaction_type_returns_422" time="0.004" /><testcase classname="tests.test_main.TestInputValidation" name="test_missing_amount_returns_422" time="0.004" /><testcase classname="tests.test_main.TestInputValidation" name="test_missing_transaction_type_returns_422" time="0.003" /><testcase classname="tests.test_main.TestInputValidation" name="test_currency_wrong_length_returns_422" time="0.004" /><testcase classname="tests.test_main.TestInputValidation" name="test_currency_too_long_returns_422" time="0.005" /><testcase classname="tests.test_main.TestInputValidation" name="test_empty_body_returns_422" time="0.004" /><testcase classname="tests.test_main.TestInputValidation" name="test_string_amount_returns_422" time="0.003" /><testcase classname="tests.test_main.TestInputValidation" name="test_422_response_contains_detail_field" time="0.004" /><testcase classname="tests.test_main.TestInputValidation" name="test_all_valid_transaction_types_accepted[PAYMENT]" time="0.007" /><testcase classname="tests.test_main.TestInputValidation" name="test_all_valid_transaction_types_accepted[TRANSFER]" time="0.006" /><testcase classname="tests.test_main.TestInputValidation" name="test_all_valid_transaction_types_accepted[WITHDRAWAL]" time="0.009" /><testcase classname="tests.test_main.TestInputValidation" name="test_all_valid_transaction_types_accepted[DEPOSIT]" time="0.007" /><testcase classname="tests.test_main.TestInputValidation" name="test_all_valid_transaction_types_accepted[TRADE]" time="0.009" /><testcase classname="tests.test_main.TestInputValidation" name="test_all_valid_transaction_types_accepted[REFUND]" time="0.006" /><testcase classname="tests.test_main.TestRiskEngineErrorPropagation" name="test_engine_timeout_returns_504" time="0.008" /><testcase classname="tests.test_main.TestRiskEngineErrorPropagation" name="test_engine_timeout_response_has_transaction_id" time="0.006" /><testcase classname="tests.test_main.TestRiskEngineErrorPropagation" name="test_engine_unavailable_returns_503" time="0.009" /><testcase classname="tests.test_main.TestRiskEngineErrorPropagation" name="test_engine_unavailable_response_body_describes_error" time="0.006" /><testcase classname="tests.test_main.TestRiskEngineErrorPropagation" name="test_engine_general_error_returns_5xx" time="0.006" /><testcase classname="tests.test_main.TestMetricsEndpoint" name="test_metrics_endpoint_returns_200" time="0.004" /><testcase classname="tests.test_main.TestMetricsEndpoint" name="test_metrics_content_type_is_prometheus" time="0.003" /><testcase classname="tests.test_main.TestMetricsEndpoint" name="test_metrics_contain_analytics_api_metrics" time="0.008" /><testcase classname="tests.test_risk_client.TestRiskEngineClientSuccess" name="test_successful_call_returns_parsed_dict" time="0.002" /><testcase classname="tests.test_risk_client.TestRiskEngineClientSuccess" name="test_successful_call_invokes_correct_endpoint" time="0.003" /><testcase classname="tests.test_risk_client.TestRiskEngineClientSuccess" name="test_successful_call_sends_correct_payload" time="0.001" /><testcase classname="tests.test_risk_client.TestRiskEngineClientSuccess" name="test_only_one_attempt_on_success" time="0.001" /><testcase classname="tests.test_risk_client.TestTimeoutRetryBehavior" name="test_retries_on_timeout_up_to_max_retries" time="0.002" /><testcase classname="tests.test_risk_client.TestTimeoutRetryBehavior" name="test_exponential_backoff_wait_times_are_correct" time="0.002" /><testcase classname="tests.test_risk_client.TestTimeoutRetryBehavior" name="test_succeeds_on_second_attempt_after_timeout" time="0.004" /><testcase classname="tests.test_risk_client.TestTimeoutRetryBehavior" name="test_succeeds_on_third_attempt_after_two_timeouts" time="0.002" /><testcase classname="tests.test_risk_client.TestHTTPStatusErrorHandling" name="test_5xx_error_triggers_retry" time="0.002" /><testcase classname="tests.test_risk_client.TestHTTPStatusErrorHandling" name="test_503_triggers_retry" time="0.004" /><testcase classname="tests.test_risk_client.TestHTTPStatusErrorHandling" name="test_422_client_error_does_not_retry" time="0.002" /><testcase classname="tests.test_risk_client.TestHTTPStatusErrorHandling" name="test_400_bad_request_does_not_retry" time="0.002" /><testcase classname="tests.test_risk_client.TestHTTPStatusErrorHandling" name="test_5xx_then_success_recovers" time="0.003" /><testcase classname="tests.test_risk_client.TestConnectionErrorHandling" name="test_connect_error_triggers_retry" time="0.002" /><testcase classname="tests.test_risk_client.TestConnectionErrorHandling" name="test_connect_error_then_success_recovers" time="0.003" /><testcase classname="tests.test_risk_client.TestHTTPClientPool" name="test_get_http_client_returns_async_client" time="0.039" /><testcase classname="tests.test_risk_client.TestHTTPClientPool" name="test_get_http_client_reuses_same_instance" time="0.027" /><testcase classname="tests.test_risk_client.TestHTTPClientPool" name="test_close_http_client_closes_pool" time="0.027" /></testsuite></testsuites>